<?xml version="1.0" encoding="UTF-8"?>
<!-- Generated by org.testng.reporters.JUnitReportReporter -->
<testsuite hostname="EPINHYDW0B3A" failures="0" tests="2" name="testautomation.Module5_ApiTesting.Task02_Task03_Task04.Task04_task2" time="2.322" errors="0" timestamp="2024-03-21T19:19:38 IST" skipped="0">
  <testcase classname="testautomation.Module5_ApiTesting.Task02_Task03_Task04.Task04_task2" name="verifyWeatherDetails" time="1.011"/>
  <system-out/>
  <testcase classname="testautomation.Module5_ApiTesting.Task02_Task03_Task04.Task04_task2" name="getWeatherDetails" time="1.311"/>
  <system-out/>
</testsuite> <!-- testautomation.Module5_ApiTesting.Task02_Task03_Task04.Task04_task2 -->
