<?xml version="1.0" encoding="UTF-8"?>
<!-- Generated by org.testng.reporters.JUnitReportReporter -->
<testsuite hostname="EPINHYDW0B3A" failures="0" tests="1" name="testautomation.Module5_ApiTesting.Task02_Task03.Task03_task2" time="2.710" errors="0" timestamp="2024-03-21T17:54:16 IST" skipped="0">
  <testcase classname="testautomation.Module5_ApiTesting.Task02_Task03.Task03_task2" name="testNumberOfResourcesForUsers" time="2.710"/>
  <system-out/>
</testsuite> <!-- testautomation.Module5_ApiTesting.Task02_Task03.Task03_task2 -->
