<?xml version="1.0" encoding="UTF-8"?>
<!-- Generated by org.testng.reporters.JUnitReportReporter -->
<testsuite hostname="EPINHYDW0B3A" failures="0" tests="6" name="testautomation.Module5_ApiTesting.Task02.Task02_2_GET" time="7.226" errors="0" timestamp="2024-03-21T15:55:56 IST" skipped="0">
  <testcase classname="testautomation.Module5_ApiTesting.Task02.Task02_2_GET" name="testGETForAlbumsResource" time="4.153"/>
  <system-out/>
  <testcase classname="testautomation.Module5_ApiTesting.Task02.Task02_2_GET" name="testGETForCommentsResource" time="0.657"/>
  <system-out/>
  <testcase classname="testautomation.Module5_ApiTesting.Task02.Task02_2_GET" name="testGETForUsersResource" time="0.595"/>
  <system-out/>
  <testcase classname="testautomation.Module5_ApiTesting.Task02.Task02_2_GET" name="testGETForPostsResource" time="0.616"/>
  <system-out/>
  <testcase classname="testautomation.Module5_ApiTesting.Task02.Task02_2_GET" name="testGETForPhotosResource" time="0.599"/>
  <system-out/>
  <testcase classname="testautomation.Module5_ApiTesting.Task02.Task02_2_GET" name="testGETForTodosResource" time="0.606"/>
  <system-out/>
</testsuite> <!-- testautomation.Module5_ApiTesting.Task02.Task02_2_GET -->
