<?xml version="1.0" encoding="UTF-8"?>
<!-- Generated by org.testng.reporters.JUnitReportReporter -->
<testsuite hostname="EPINHYDW0B3A" failures="0" tests="1" name="testautomation.Module5_ApiTesting.Task02_Task03_Task04.Task04_task1" time="3.171" errors="0" timestamp="2024-03-21T18:48:20 IST" skipped="0">
  <testcase classname="testautomation.Module5_ApiTesting.Task02_Task03_Task04.Task04_task1" name="verifyEvents" time="3.171"/>
  <system-out/>
</testsuite> <!-- testautomation.Module5_ApiTesting.Task02_Task03_Task04.Task04_task1 -->
