<?xml version="1.0" encoding="UTF-8"?>
<!-- Generated by org.testng.reporters.JUnitReportReporter -->
<testsuite hostname="EPINHYDW0B3A" failures="0" tests="6" name="testautomation.Module5_ApiTesting.Task02" time="6.194" errors="0" timestamp="2024-03-21T13:03:04 IST" skipped="0">
  <testcase classname="testautomation.Module5_ApiTesting.Task02" name="testNumberOfResourcesForPosts" time="3.026"/>
  <system-out/>
  <testcase classname="testautomation.Module5_ApiTesting.Task02" name="testNumberOfResourcesForComments" time="0.608"/>
  <system-out/>
  <testcase classname="testautomation.Module5_ApiTesting.Task02" name="testNumberOfResourcesForAlbums" time="0.441"/>
  <system-out/>
  <testcase classname="testautomation.Module5_ApiTesting.Task02" name="testNumberOfResourcesForPhotos" time="1.112"/>
  <system-out/>
  <testcase classname="testautomation.Module5_ApiTesting.Task02" name="testNumberOfResourcesForUsers" time="0.498"/>
  <system-out/>
  <testcase classname="testautomation.Module5_ApiTesting.Task02" name="testNumberOfResourcesForTodos" time="0.509"/>
  <system-out/>
</testsuite> <!-- testautomation.Module5_ApiTesting.Task02 -->
